# JRE version: OpenJDK Runtime Environment (8.0_152-b01) (build 1.8.0_152-release-915-b01)
# Java VM: OpenJDK 64-Bit Server VM (25.152-b01 mixed mode windows-amd64 compressed oops)
Heap:
 PSYoungGen      total 415744K, used 395944K [0x00000000e0000000, 0x00000000fea00000, 0x0000000100000000)
  eden space 406528K, 95% used [0x00000000e0000000,0x00000000f79edfa0,0x00000000f8d00000)
  from space 9216K, 97% used [0x00000000f9d80000,0x00000000fa63c208,0x00000000fa680000)
  to   space 47616K, 0% used [0x00000000fbb80000,0x00000000fbb80000,0x00000000fea00000)
 ParOldGen       total 154112K, used 87228K [0x00000000a0000000, 0x00000000a9680000, 0x00000000e0000000)
  object space 154112K, 56% used [0x00000000a0000000,0x00000000a552f2c8,0x00000000a9680000)
 Metaspace       used 84444K, capacity 89850K, committed 90112K, reserved 1128448K
  class space    used 10693K, capacity 11944K, committed 12032K, reserved 1048576K
GC Heap History (10 events):
Event: 160.847 GC heap before
{Heap before GC invocations=30 (full 3):
 PSYoungGen      total 431104K, used 418214K [0x00000000e0000000, 0x00000000fdc00000, 0x0000000100000000)
  eden space 379904K, 99% used [0x00000000e0000000,0x00000000f72defa8,0x00000000f7300000)
  from space 51200K, 75% used [0x00000000fa900000,0x00000000fce8ab08,0x00000000fdb00000)
  to   space 53760K, 0% used [0x00000000f7300000,0x00000000f7300000,0x00000000fa780000)
 ParOldGen       total 154112K, used 74363K [0x00000000a0000000, 0x00000000a9680000, 0x00000000e0000000)
  object space 154112K, 48% used [0x00000000a0000000,0x00000000a489ed00,0x00000000a9680000)
 Metaspace       used 80513K, capacity 85000K, committed 85120K, reserved 1122304K
  class space    used 10255K, capacity 11289K, committed 11392K, reserved 1048576K
Event: 160.862 GC heap after
Heap after GC invocations=30 (full 3):
 PSYoungGen      total 433664K, used 18203K [0x00000000e0000000, 0x00000000fff80000, 0x0000000100000000)
  eden space 379904K, 0% used [0x00000000e0000000,0x00000000e0000000,0x00000000f7300000)
  from space 53760K, 33% used [0x00000000f7300000,0x00000000f84c6ca8,0x00000000fa780000)
  to   space 52224K, 0% used [0x00000000fcc80000,0x00000000fcc80000,0x00000000fff80000)
 ParOldGen       total 154112K, used 84460K [0x00000000a0000000, 0x00000000a9680000, 0x00000000e0000000)
  object space 154112K, 54% used [0x00000000a0000000,0x00000000a527b298,0x00000000a9680000)
 Metaspace       used 80513K, capacity 85000K, committed 85120K, reserved 1122304K
  class space    used 10255K, capacity 11289K, committed 11392K, reserved 1048576K
}
Event: 1967.878 GC heap before
{Heap before GC invocations=31 (full 3):
 PSYoungGen      total 433664K, used 398096K [0x00000000e0000000, 0x00000000fff80000, 0x0000000100000000)
  eden space 379904K, 99% used [0x00000000e0000000,0x00000000f72fd540,0x00000000f7300000)
  from space 53760K, 33% used [0x00000000f7300000,0x00000000f84c6ca8,0x00000000fa780000)
  to   space 52224K, 0% used [0x00000000fcc80000,0x00000000fcc80000,0x00000000fff80000)
 ParOldGen       total 154112K, used 84460K [0x00000000a0000000, 0x00000000a9680000, 0x00000000e0000000)
  object space 154112K, 54% used [0x00000000a0000000,0x00000000a527b298,0x00000000a9680000)
 Metaspace       used 81548K, capacity 86500K, committed 86656K, reserved 1124352K
  class space    used 10390K, capacity 11553K, committed 11648K, reserved 1048576K
Event: 1967.892 GC heap after
Heap after GC invocations=31 (full 3):
 PSYoungGen      total 466432K, used 15930K [0x00000000e0000000, 0x00000000ffb80000, 0x0000000100000000)
  eden space 418304K, 0% used [0x00000000e0000000,0x00000000e0000000,0x00000000f9880000)
  from space 48128K, 33% used [0x00000000fcc80000,0x00000000fdc0ea68,0x00000000ffb80000)
  to   space 50688K, 0% used [0x00000000f9880000,0x00000000f9880000,0x00000000fca00000)
 ParOldGen       total 154112K, used 85444K [0x00000000a0000000, 0x00000000a9680000, 0x00000000e0000000)
  object space 154112K, 55% used [0x00000000a0000000,0x00000000a5371298,0x00000000a9680000)
 Metaspace       used 81548K, capacity 86500K, committed 86656K, reserved 1124352K
  class space    used 10390K, capacity 11553K, committed 11648K, reserved 1048576K
}
Event: 1982.216 GC heap before
{Heap before GC invocations=32 (full 3):
 PSYoungGen      total 466432K, used 434234K [0x00000000e0000000, 0x00000000ffb80000, 0x0000000100000000)
  eden space 418304K, 100% used [0x00000000e0000000,0x00000000f9880000,0x00000000f9880000)
  from space 48128K, 33% used [0x00000000fcc80000,0x00000000fdc0ea68,0x00000000ffb80000)
  to   space 50688K, 0% used [0x00000000f9880000,0x00000000f9880000,0x00000000fca00000)
 ParOldGen       total 154112K, used 85444K [0x00000000a0000000, 0x00000000a9680000, 0x00000000e0000000)
  object space 154112K, 55% used [0x00000000a0000000,0x00000000a5371298,0x00000000a9680000)
 Metaspace       used 82766K, capacity 87892K, committed 88192K, reserved 1126400K
  class space    used 10481K, capacity 11643K, committed 11648K, reserved 1048576K
Event: 1982.228 GC heap after
Heap after GC invocations=32 (full 3):
 PSYoungGen      total 468992K, used 11496K [0x00000000e0000000, 0x0000000100000000, 0x0000000100000000)
  eden space 418304K, 0% used [0x00000000e0000000,0x00000000e0000000,0x00000000f9880000)
  from space 50688K, 22% used [0x00000000f9880000,0x00000000fa3ba3d0,0x00000000fca00000)
  to   space 50176K, 0% used [0x00000000fcf00000,0x00000000fcf00000,0x0000000100000000)
 ParOldGen       total 154112K, used 87212K [0x00000000a0000000, 0x00000000a9680000, 0x00000000e0000000)
  object space 154112K, 56% used [0x00000000a0000000,0x00000000a552b2c8,0x00000000a9680000)
 Metaspace       used 82766K, capacity 87892K, committed 88192K, reserved 1126400K
  class space    used 10481K, capacity 11643K, committed 11648K, reserved 1048576K
}
Event: 2024.543 GC heap before
{Heap before GC invocations=33 (full 3):
 PSYoungGen      total 468992K, used 428863K [0x00000000e0000000, 0x0000000100000000, 0x0000000100000000)
  eden space 418304K, 99% used [0x00000000e0000000,0x00000000f9795880,0x00000000f9880000)
  from space 50688K, 22% used [0x00000000f9880000,0x00000000fa3ba3d0,0x00000000fca00000)
  to   space 50176K, 0% used [0x00000000fcf00000,0x00000000fcf00000,0x0000000100000000)
 ParOldGen       total 154112K, used 87212K [0x00000000a0000000, 0x00000000a9680000, 0x00000000e0000000)
  object space 154112K, 56% used [0x00000000a0000000,0x00000000a552b2c8,0x00000000a9680000)
 Metaspace       used 82920K, capacity 88076K, committed 88320K, reserved 1126400K
  class space    used 10492K, capacity 11655K, committed 11776K, reserved 1048576K
Event: 2024.552 GC heap after
Heap after GC invocations=33 (full 3):
 PSYoungGen      total 468992K, used 17042K [0x00000000e0000000, 0x00000000ffb80000, 0x0000000100000000)
  eden space 423424K, 0% used [0x00000000e0000000,0x00000000e0000000,0x00000000f9d80000)
  from space 45568K, 37% used [0x00000000fcf00000,0x00000000fdfa49d0,0x00000000ffb80000)
  to   space 48128K, 0% used [0x00000000f9d80000,0x00000000f9d80000,0x00000000fcc80000)
 ParOldGen       total 154112K, used 87220K [0x00000000a0000000, 0x00000000a9680000, 0x00000000e0000000)
  object space 154112K, 56% used [0x00000000a0000000,0x00000000a552d2c8,0x00000000a9680000)
 Metaspace       used 82920K, capacity 88076K, committed 88320K, reserved 1126400K
  class space    used 10492K, capacity 11655K, committed 11776K, reserved 1048576K
}
Event: 2619.713 GC heap before
{Heap before GC invocations=34 (full 3):
 PSYoungGen      total 468992K, used 440439K [0x00000000e0000000, 0x00000000ffb80000, 0x0000000100000000)
  eden space 423424K, 99% used [0x00000000e0000000,0x00000000f9d794a8,0x00000000f9d80000)
  from space 45568K, 37% used [0x00000000fcf00000,0x00000000fdfa49d0,0x00000000ffb80000)
  to   space 48128K, 0% used [0x00000000f9d80000,0x00000000f9d80000,0x00000000fcc80000)
 ParOldGen       total 154112K, used 87220K [0x00000000a0000000, 0x00000000a9680000, 0x00000000e0000000)
  object space 154112K, 56% used [0x00000000a0000000,0x00000000a552d2c8,0x00000000a9680000)
 Metaspace       used 83794K, capacity 89078K, committed 89216K, reserved 1126400K
  class space    used 10614K, capacity 11800K, committed 11904K, reserved 1048576K
Event: 2619.722 GC heap after
Heap after GC invocations=34 (full 3):
 PSYoungGen      total 415744K, used 8944K [0x00000000e0000000, 0x00000000fea00000, 0x0000000100000000)
  eden space 406528K, 0% used [0x00000000e0000000,0x00000000e0000000,0x00000000f8d00000)
  from space 9216K, 97% used [0x00000000f9d80000,0x00000000fa63c208,0x00000000fa680000)
  to   space 47616K, 0% used [0x00000000fbb80000,0x00000000fbb80000,0x00000000fea00000)
 ParOldGen       total 154112K, used 87228K [0x00000000a0000000, 0x00000000a9680000, 0x00000000e0000000)
  object space 154112K, 56% used [0x00000000a0000000,0x00000000a552f2c8,0x00000000a9680000)
 Metaspace       used 83794K, capacity 89078K, committed 89216K, reserved 1126400K
  class space    used 10614K, capacity 11800K, committed 11904K, reserved 1048576K
}

